Arguments: 
  C:\Program Files\nodejs\node.exe C:\Users\trang\AppData\Roaming\npm\node_modules\yarn\bin\yarn.js add gatsby-plugin-mdx-frontmatter

PATH: 
  C:\Program Files (x86)\Common Files\Oracle\Java\javapath;C:\WINDOWS\system32;C:\WINDOWS;C:\WINDOWS\System32\Wbem;C:\WINDOWS\System32\WindowsPowerShell\v1.0\;C:\WINDOWS\System32\OpenSSH\;C:\Program Files\Git\cmd;C:\Users\trang\AppData\Roaming\npm;C:\ProgramData\chocolatey\bin;C:\ProgramData\chocolatey\lib\mpv.install\tools;C:\Program Files\nodejs\;C:\Program Files\GitHub CLI\;C:\Users\trang\AppData\Local\Microsoft\WindowsApps;C:\Users\trang\AppData\Local\Programs\Microsoft VS Code\bin;C:\Users\trang\AppData\Local\GitHubDesktop\bin;C:\Users\trang\AppData\Roaming\npm

Yarn version: 
  1.22.19

Node version: 
  18.12.1

Platform: 
  win32 x64

Trace: 
  Error: EPERM: operation not permitted, unlink 'C:\Users\trang\Desktop\nguyen-trang\node_modules\@parcel\hash\parcel-hash.win32-x64-msvc.node'

npm manifest: 
  {
    "name": "nguyen-trang",
    "version": "1.0.0",
    "private": true,
    "description": "nguyen-trang",
    "author": "Trang Nguyen",
    "keywords": [
      "gatsby"
    ],
    "scripts": {
      "develop": "gatsby develop",
      "start": "gatsby develop",
      "build": "gatsby build",
      "serve": "gatsby serve",
      "clean": "gatsby clean"
    },
    "dependencies": {
      "@mdx-js/react": "^2.1.5",
      "gatsby": "^5.0.0",
      "gatsby-plugin-image": "^3.0.0",
      "gatsby-plugin-manifest": "^5.0.0",
      "gatsby-plugin-mdx": "^5.0.0",
      "gatsby-plugin-sharp": "^5.0.0",
      "gatsby-plugin-sitemap": "^6.0.0",
      "gatsby-remark-images": "^7.2.0",
      "gatsby-source-filesystem": "^5.0.0",
      "gatsby-transformer-remark": "^6.2.0",
      "gatsby-transformer-sharp": "^5.0.0",
      "react": "^18.2.0",
      "react-dom": "^18.2.0"
    }
  }

yarn manifest: 
  No manifest

Lockfile: 
  No lockfile
